<?xml version="1.0" encoding="UTF-8"?>
<testsuite xmlns:xsi="http://www.w3.org/2001/XMLSchema-instance" xsi:noNamespaceSchemaLocation="https://maven.apache.org/surefire/maven-surefire-plugin/xsd/surefire-test-report.xsd" version="3.0.2" name="com.bancoapp.service.CuentaServiceTest" time="0.013" tests="7" errors="0" skipped="0" failures="0">
  <properties>
[...]
</properties>
  <testcase name="debeRetirarDineroCorrectamente" classname="com.bancoapp.service.CuentaServiceTest" time="0.002"/>
  <testcase name="debeCrearCuentaNueva" classname="com.bancoapp.service.CuentaServiceTest" time="0.002"/>
  <testcase name="noDebePermitirMontosNegativosOCero" classname="com.bancoapp.service.CuentaServiceTest" time="0.002"/>
  <testcase name="debeConsultarSaldo" classname="com.bancoapp.service.CuentaServiceTest" time="0.001"/>
  <testcase name="debeDepositarDineroCorrectamente" classname="com.bancoapp.service.CuentaServiceTest" time="0.001"/>
  <testcase name="noDebePermitirCrearCuentaDuplicada" classname="com.bancoapp.service.CuentaServiceTest" time="0.002"/>
  <testcase name="noDebePermitirRetiroConSaldoInsuficiente" classname="com.bancoapp.service.CuentaServiceTest" time="0.001"/>
</testsuite>